[1030/151127.931:ERROR:process_reader_win.cc(151)] SuspendThread: Access is denied. (0x5)
[1030/151127.932:ERROR:process_reader_win.cc(151)] SuspendThread: Access is denied. (0x5)
[1030/151127.933:ERROR:process_reader_win.cc(151)] SuspendThread: Access is denied. (0x5)
[1030/151127.933:ERROR:process_reader_win.cc(123)] NtOpenThread: {Access Denied} A process has requested access to an object, but has not been granted those access rights. (0xc0000022)
[1030/151127.933:ERROR:process_reader_win.cc(123)] NtOpenThread: {Access Denied} A process has requested access to an object, but has not been granted those access rights. (0xc0000022)
[1030/151128.248:ERROR:exception_snapshot_win.cc(99)] thread ID 8516 not found in process
[1030/151128.248:ERROR:exception_snapshot_win.cc(99)] thread ID 8520 not found in process
[1030/151129.488:ERROR:process_reader_win.cc(151)] SuspendThread: Access is denied. (0x5)
[1030/151144.626:ERROR:process_reader_win.cc(151)] SuspendThread: Access is denied. (0x5)
[1030/151144.627:ERROR:process_reader_win.cc(151)] SuspendThread: Access is denied. (0x5)
[1030/151144.627:ERROR:exception_snapshot_win.cc(99)] thread ID 7112 not found in process
[1030/151144.641:ERROR:process_reader_win.cc(151)] SuspendThread: Access is denied. (0x5)
[1030/151144.641:ERROR:process_reader_win.cc(151)] SuspendThread: Access is denied. (0x5)
[1030/151144.641:ERROR:process_reader_win.cc(151)] SuspendThread: Access is denied. (0x5)
[1030/151144.641:ERROR:process_reader_win.cc(151)] SuspendThread: Access is denied. (0x5)
[1030/151144.641:ERROR:process_reader_win.cc(151)] SuspendThread: Access is denied. (0x5)
[1030/151144.641:ERROR:process_reader_win.cc(151)] SuspendThread: Access is denied. (0x5)
[1030/151144.641:ERROR:process_reader_win.cc(151)] SuspendThread: Access is denied. (0x5)
[1030/151144.642:ERROR:process_reader_win.cc(151)] SuspendThread: Access is denied. (0x5)
[1030/151144.642:ERROR:process_reader_win.cc(151)] SuspendThread: Access is denied. (0x5)
[1030/151144.642:ERROR:process_reader_win.cc(151)] SuspendThread: Access is denied. (0x5)
[1030/151144.642:ERROR:process_reader_win.cc(151)] SuspendThread: Access is denied. (0x5)
[1030/151144.642:ERROR:process_reader_win.cc(123)] NtOpenThread: {Access Denied} A process has requested access to an object, but has not been granted those access rights. (0xc0000022)
[1030/151144.642:ERROR:exception_snapshot_win.cc(99)] thread ID 5196 not found in process
[1030/151144.647:ERROR:process_reader_win.cc(123)] NtOpenThread: {Access Denied} A process has requested access to an object, but has not been granted those access rights. (0xc0000022)
[1030/151144.647:ERROR:exception_snapshot_win.cc(99)] thread ID 6580 not found in process
[1101/122506.300:ERROR:process_reader_win.cc(151)] SuspendThread: Access is denied. (0x5)
[1101/122506.386:ERROR:process_reader_win.cc(123)] NtOpenThread: {Access Denied} A process has requested access to an object, but has not been granted those access rights. (0xc0000022)
[1101/122506.406:ERROR:exception_snapshot_win.cc(99)] thread ID 11172 not found in process
[1101/122506.545:ERROR:process_reader_win.cc(151)] SuspendThread: Access is denied. (0x5)
[1101/122506.545:ERROR:process_reader_win.cc(151)] SuspendThread: Access is denied. (0x5)
[1101/122506.545:ERROR:process_reader_win.cc(123)] NtOpenThread: {Access Denied} A process has requested access to an object, but has not been granted those access rights. (0xc0000022)
[1101/122506.545:ERROR:exception_snapshot_win.cc(99)] thread ID 11176 not found in process
[1101/122517.014:ERROR:process_info.cc(329)] VirtualQueryEx: Access is denied. (0x5)
[1101/122517.015:ERROR:process_info.cc(556)] ReadMemoryInfo failed
[1101/122517.015:ERROR:process_memory_win.cc(39)] Failed to initialize ProcessInfo.
[1101/122517.015:ERROR:scoped_process_suspend.cc(40)] NtResumeProcess: An attempt was made to access an exiting process. (0xc000010a)
[1101/122517.072:ERROR:process_reader_win.cc(151)] SuspendThread: Access is denied. (0x5)
[1101/122517.072:ERROR:process_reader_win.cc(151)] SuspendThread: Access is denied. (0x5)
[1101/122517.072:ERROR:process_reader_win.cc(151)] SuspendThread: Access is denied. (0x5)
[1101/122517.072:ERROR:process_reader_win.cc(151)] SuspendThread: Access is denied. (0x5)
[1101/122517.072:ERROR:process_reader_win.cc(151)] SuspendThread: Access is denied. (0x5)
[1101/122517.072:ERROR:process_reader_win.cc(151)] SuspendThread: Access is denied. (0x5)
[1101/122517.072:ERROR:process_reader_win.cc(151)] SuspendThread: Access is denied. (0x5)
[1101/122517.072:ERROR:process_reader_win.cc(151)] SuspendThread: Access is denied. (0x5)
[1101/122517.072:ERROR:process_reader_win.cc(151)] SuspendThread: Access is denied. (0x5)
[1101/122517.072:ERROR:process_reader_win.cc(151)] SuspendThread: Access is denied. (0x5)
[1101/122517.072:ERROR:process_reader_win.cc(151)] SuspendThread: Access is denied. (0x5)
[1101/122517.072:ERROR:process_reader_win.cc(123)] NtOpenThread: {Access Denied} A process has requested access to an object, but has not been granted those access rights. (0xc0000022)
[1101/122517.072:ERROR:exception_snapshot_win.cc(99)] thread ID 10408 not found in process
[1101/122528.282:ERROR:process_reader_win.cc(151)] SuspendThread: Access is denied. (0x5)
[1101/122528.283:ERROR:process_reader_win.cc(151)] SuspendThread: Access is denied. (0x5)
[1101/122528.283:ERROR:process_reader_win.cc(123)] NtOpenThread: {Access Denied} A process has requested access to an object, but has not been granted those access rights. (0xc0000022)
[1101/122528.283:ERROR:exception_snapshot_win.cc(99)] thread ID 10680 not found in process
[1101/122528.295:ERROR:process_reader_win.cc(151)] SuspendThread: Access is denied. (0x5)
[1101/122528.296:ERROR:process_reader_win.cc(151)] SuspendThread: Access is denied. (0x5)
[1101/122528.296:ERROR:process_reader_win.cc(151)] SuspendThread: Access is denied. (0x5)
[1101/122528.296:ERROR:process_reader_win.cc(151)] SuspendThread: Access is denied. (0x5)
[1101/122528.296:ERROR:process_reader_win.cc(151)] SuspendThread: Access is denied. (0x5)
[1101/122528.296:ERROR:process_reader_win.cc(151)] SuspendThread: Access is denied. (0x5)
[1101/122528.296:ERROR:process_reader_win.cc(123)] NtOpenThread: {Access Denied} A process has requested access to an object, but has not been granted those access rights. (0xc0000022)
[1101/122528.296:ERROR:exception_snapshot_win.cc(99)] thread ID 8992 not found in process
[1101/122530.085:ERROR:process_reader_win.cc(151)] SuspendThread: Access is denied. (0x5)
[1101/122530.086:ERROR:exception_snapshot_win.cc(99)] thread ID 10936 not found in process
[1101/122530.251:ERROR:process_reader_win.cc(151)] SuspendThread: Access is denied. (0x5)
[1101/122530.251:ERROR:process_reader_win.cc(123)] NtOpenThread: {Access Denied} A process has requested access to an object, but has not been granted those access rights. (0xc0000022)
[1101/122530.252:ERROR:exception_snapshot_win.cc(99)] thread ID 10920 not found in process
[1101/132350.923:ERROR:directory_reader_win.cc(43)] FindFirstFile: The system cannot find the path specified. (0x3)
[1101/132542.581:ERROR:directory_reader_win.cc(43)] FindFirstFile: The system cannot find the path specified. (0x3)
[1101/141646.151:ERROR:directory_reader_win.cc(43)] FindFirstFile: The system cannot find the path specified. (0x3)
